weekplanner/app/build/intermediates/manifest_merge_blame_file/debug/manifest-merger-blame-debug-report.txt
1<?xml version="1.0" encoding="utf-8"?>
2<manifest xmlns:android="http://schemas.android.com/apk/res/android"
3    package="es.ucm"
4    android:versionCode="1"
5    android:versionName="1.0" >
6
7    <uses-sdk
8        android:minSdkVersion="26"
8-->src\main\AndroidManifest.xml
9        android:targetSdkVersion="31" />
9-->src\main\AndroidManifest.xml
10
11    <application
11-->src\main\AndroidManifest.xml:5:5-53:19
12        android:allowBackup="true"
12-->src\main\AndroidManifest.xml:6:9-35
13        android:appComponentFactory="androidx.core.app.CoreComponentFactory"
13-->[androidx.core:core:1.7.0] AndroidManifest.xml:24:18-86
14        android:debuggable="true"
15        android:extractNativeLibs="false"
16        android:icon="@mipmap/ic_launcher"
16-->src\main\AndroidManifest.xml:7:9-43
17        android:label="@string/app_name"
17-->src\main\AndroidManifest.xml:8:9-41
18        android:roundIcon="@mipmap/ic_launcher_round"
18-->src\main\AndroidManifest.xml:9:9-54
19        android:supportsRtl="true"
19-->src\main\AndroidManifest.xml:10:9-35
20        android:testOnly="true"
21        android:theme="@style/Theme.TiendaDeRecompensas" >
21-->src\main\AndroidManifest.xml:11:9-57
22        <activity
22-->src\main\AndroidManifest.xml:13:9-16:20
23            android:name="es.ucm.fdi.MainActivity"
23-->src\main\AndroidManifest.xml:14:13-41
24            android:exported="true" >
24-->src\main\AndroidManifest.xml:15:13-36
25        </activity>
26        <activity
26-->src\main\AndroidManifest.xml:18:9-27:21
27            android:name="es.ucm.fdi.SplashScreen"
27-->src\main\AndroidManifest.xml:19:13-41
28            android:exported="true"
28-->src\main\AndroidManifest.xml:20:13-36
29            android:screenOrientation="portrait" >
29-->src\main\AndroidManifest.xml:21:13-49
30            <intent-filter>
30-->src\main\AndroidManifest.xml:22:9-26:25
31                <action android:name="android.intent.action.MAIN" />
31-->src\main\AndroidManifest.xml:23:13-65
31-->src\main\AndroidManifest.xml:23:21-62
32
33                <category android:name="android.intent.category.LAUNCHER" />
33-->src\main\AndroidManifest.xml:25:13-73
33-->src\main\AndroidManifest.xml:25:23-70
34            </intent-filter>
35        </activity>
36        <activity
36-->src\main\AndroidManifest.xml:29:9-32:20
37            android:name="es.ucm.fdi.tienda.TiendaMain"
37-->src\main\AndroidManifest.xml:30:13-46
38            android:exported="true" >
38-->src\main\AndroidManifest.xml:31:13-36
39        </activity>
40        <activity
40-->src\main\AndroidManifest.xml:33:9-36:20
41            android:name="es.ucm.fdi.Calendario.MonthCalendarActivity"
41-->src\main\AndroidManifest.xml:34:13-61
42            android:exported="true" >
42-->src\main\AndroidManifest.xml:35:13-36
43        </activity>
44        <activity
44-->src\main\AndroidManifest.xml:37:9-40:20
45            android:name="es.ucm.fdi.Calendario.DailyCalendarActivity"
45-->src\main\AndroidManifest.xml:38:13-61
46            android:exported="true" >
46-->src\main\AndroidManifest.xml:39:13-36
47        </activity>
48        <activity
48-->src\main\AndroidManifest.xml:41:9-44:20
49            android:name="es.ucm.fdi.Calendario.EventEditActivity"
49-->src\main\AndroidManifest.xml:42:13-57
50            android:exported="true" >
50-->src\main\AndroidManifest.xml:43:13-36
51        </activity>
52        <activity
52-->src\main\AndroidManifest.xml:45:9-48:20
53            android:name="es.ucm.fdi.TempEstad.Estadisticas"
53-->src\main\AndroidManifest.xml:46:13-51
54            android:exported="true" >
54-->src\main\AndroidManifest.xml:47:13-36
55        </activity>
56        <activity
56-->src\main\AndroidManifest.xml:49:9-52:20
57            android:name="es.ucm.fdi.TempEstad.TempActivity"
57-->src\main\AndroidManifest.xml:50:13-51
58            android:exported="true" >
58-->src\main\AndroidManifest.xml:51:13-36
59        </activity>
60
61        <provider
61-->[androidx.emoji2:emoji2:1.0.0] AndroidManifest.xml:26:9-34:20
62            android:name="androidx.startup.InitializationProvider"
62-->[androidx.emoji2:emoji2:1.0.0] AndroidManifest.xml:27:13-67
63            android:authorities="es.ucm.androidx-startup"
63-->[androidx.emoji2:emoji2:1.0.0] AndroidManifest.xml:28:13-68
64            android:exported="false" >
64-->[androidx.emoji2:emoji2:1.0.0] AndroidManifest.xml:29:13-37
65            <meta-data
65-->[androidx.emoji2:emoji2:1.0.0] AndroidManifest.xml:31:13-33:52
66                android:name="androidx.emoji2.text.EmojiCompatInitializer"
66-->[androidx.emoji2:emoji2:1.0.0] AndroidManifest.xml:32:17-75
67                android:value="androidx.startup" />
67-->[androidx.emoji2:emoji2:1.0.0] AndroidManifest.xml:33:17-49
68            <meta-data
68-->[androidx.lifecycle:lifecycle-process:2.4.0] AndroidManifest.xml:31:13-33:52
69                android:name="androidx.lifecycle.ProcessLifecycleInitializer"
69-->[androidx.lifecycle:lifecycle-process:2.4.0] AndroidManifest.xml:32:17-78
70                android:value="androidx.startup" />
70-->[androidx.lifecycle:lifecycle-process:2.4.0] AndroidManifest.xml:33:17-49
71        </provider>
72    </application>
73
74</manifest>